0 info it worked if it ends with ok
1 verbose cli [ '/Users/mikee/.nvm/versions/node/v5.9.0/bin/node',
1 verbose cli   '/Users/mikee/.nvm/versions/node/v5.9.0/bin/npm',
1 verbose cli   'publish' ]
2 info using npm@3.7.3
3 info using node@v5.9.0
4 verbose publish [ '.' ]
5 silly cache add args [ '.', null ]
6 verbose cache add spec .
7 silly cache add parsed spec Result {
7 silly cache add   raw: '.',
7 silly cache add   scope: null,
7 silly cache add   name: null,
7 silly cache add   rawSpec: '.',
7 silly cache add   spec: '/Users/mikee/Documents/Projects/gulp-phplint',
7 silly cache add   type: 'directory' }
8 verbose addLocalDirectory /Users/mikee/.npm/gulp-phplint/0.0.6/package.tgz not in flight; packing
9 verbose correctMkdir /Users/mikee/.npm correctMkdir not in flight; initializing
10 info lifecycle gulp-phplint@0.0.6~prepublish: gulp-phplint@0.0.6
11 silly lifecycle gulp-phplint@0.0.6~prepublish: no script for prepublish, continuing
12 verbose tar pack [ '/Users/mikee/.npm/gulp-phplint/0.0.6/package.tgz',
12 verbose tar pack   '/Users/mikee/Documents/Projects/gulp-phplint' ]
13 verbose tarball /Users/mikee/.npm/gulp-phplint/0.0.6/package.tgz
14 verbose folder /Users/mikee/Documents/Projects/gulp-phplint
15 verbose addLocalTarball adding from inside cache /Users/mikee/.npm/gulp-phplint/0.0.6/package.tgz
16 verbose correctMkdir /Users/mikee/.npm correctMkdir not in flight; initializing
17 silly cache afterAdd gulp-phplint@0.0.6
18 verbose afterAdd /Users/mikee/.npm/gulp-phplint/0.0.6/package/package.json not in flight; writing
19 verbose correctMkdir /Users/mikee/.npm correctMkdir not in flight; initializing
20 verbose afterAdd /Users/mikee/.npm/gulp-phplint/0.0.6/package/package.json written
21 silly publish { name: 'gulp-phplint',
21 silly publish   version: '0.0.6',
21 silly publish   description: 'PHPLint plugin for Gulp',
21 silly publish   main: 'index.js',
21 silly publish   dependencies:
21 silly publish    { chalk: '^1.0.0',
21 silly publish      'gulp-messenger': '0.7.0',
21 silly publish      'gulp-notify': '^2.2.0',
21 silly publish      'gulp-util': '~2.2.14',
21 silly publish      lodash: '3.10.1',
21 silly publish      'map-stream': '~0.0.4',
21 silly publish      through2: '2.0.0',
21 silly publish      'exit-code': '1.0.2' },
21 silly publish   devDependencies:
21 silly publish    { gulp: '^3.8.0',
21 silly publish      'gulp-messenger': '0.9.0',
21 silly publish      'gulp-mocha': '^0.5.2',
21 silly publish      'gulp-shell': '^0.2.9',
21 silly publish      jshint: '^2.5.3',
21 silly publish      mocha: '^1.21.4',
21 silly publish      'mocha-unfunk-reporter': '0.4.0',
21 silly publish      'node-notifier': '4.4.0',
21 silly publish      'require-dir': '0.3.0',
21 silly publish      should: '^4.0.4' },
21 silly publish   scripts:
21 silly publish    { test: 'mocha --reporter spec && jshint ./*.js && jshint ./test/*.js',
21 silly publish      'test-reporter': 'mocha --reporter mocha-unfunk-reporter && jshint ./*.js && jshint ./test/*.js' },
21 silly publish   repository:
21 silly publish    { type: 'git',
21 silly publish      url: 'git://github.com/mikeerickson/gulp-phplint.git' },
21 silly publish   keywords: [ 'gulpplugin', 'phplint', 'php', 'gulp' ],
21 silly publish   author: { name: 'Mike Erickson', email: 'codedungeon@gmail.com' },
21 silly publish   license: 'MIT',
21 silly publish   bugs: { url: 'https://github.com/mikeerickson/gulp-phplint/issues' },
21 silly publish   engines: { node: '>=0.10.0' },
21 silly publish   readme: '# gulp-phplint\nPHPLint plugin for gulp 3\n\n## Installation\n\nInstall `phplint` service (installed globally)\n\n```shell\nnpm i -g phplint\n```\n\nInstall `gulp-phplint` as a development dependency to your project (plugin should be installed for each project)\n\n```shell\nnpm install --save-dev gulp-phplint\n```\n\n\n## Usage\n\nAfter you have installed plugin, reference in to your `gulpfile.js`:\n\n```javascript\nvar phplint = require(\'gulp-phplint\');\n\n// option 1: default format, equivalent to using `phplint` in command line (no options)\n\n``` javascript\nvar gulp    = require(\'gulp\');\nvar phpunit = require(\'gulp-phplint\');\n\ngulp.task(\'phplint\', function() {\n  gulp.src(\'\')\n    .pipe(phplint());\n});\n```\n\n// option 2: default format using the `fail` reporter\n``` javascript\ngulp.task(\'phplint\', function() {\n  return gulp.src([\'./src/AppBundle/**/*.php\'])\n    .pipe(phplint(\'\', opts))\n    .pipe(phplint.reporter(\'fail\'));\n});\n```\n\n// option 3: custom src files and custom reporter\n\n``` javascript\ngulp.task(\'phplint:custom\', function () {\n  return gulp.src([\'./src/AppBundle/**/*.php\'])\n    .pipe(phplint(\'\',opts))\n    .pipe(phplint.reporter(function(file){\n      var report = file.phplintReport || {};\n      if (report.error) {\n        console.error(report.message+\' on line \'+report.line+\' of \'+report.filename);\n      }\n    }));\n});\n```\n\n\n## API\n\n### phplint(phpunitpath,options)\n\n#### phplint path\n\nType: `String`\n\nPath to `php` binary\n- If not supplied, the default php path will be used\n\n#### options.debug\nType:    `Boolean`\nDefault: `false`\n\nDebug mode enabled (enables --debug switch as well)\n\n#### options.clear\nType:    `Boolean`\nDefault: `false`\n\nClear console before executing command\n\n#### options.dryRun\nType:    `Boolean`\nDefault: `false`\n\nExecutes dry run (doesn\'t actually execute tests, just echo command that would be executed)\n\n#### options.notify\nType:    `Boolean`\nDefault: `true`\n\nConditionally display notification (both console and growl where applicable)\n\n#### options.statusLine\nType:    `Boolean`\nDefault: `true`\n\nDisplays status lines as follows\n\n  - green for passing files\n  - red for failing files\n  - yellow for execution which have `debug` property enabled (will also display red, green status)\n\n#### skipPassedFiles\nType:    `Boolean`\nDefault: `false`\n\nSuppress reporting files which dont have syntax errors (passed files)\n\n\n## Credits\n\ngulp-phplint written by Mike Erickson\n\nE-Mail: [codedungeon@gmail.com](mailto:codedungeon@gmail.com)\n\nTwitter: [@codedungeon](http://twitter.com/codedungeon)\n\nWebsite: [codedungeon.org](http://codedungeon.org)\n\nInspired By: [jamarzka/gulp-phplint](https://github.com/jamarzka/gulp-phplint)\n',
21 silly publish   readmeFilename: 'README.md',
21 silly publish   gitHead: 'c17432a541a1763d16853bf5ae1ab98a35d05174',
21 silly publish   homepage: 'https://github.com/mikeerickson/gulp-phplint#readme',
21 silly publish   _id: 'gulp-phplint@0.0.6',
21 silly publish   _shasum: '55bcc48c64bf591ad2c1a84dfabe1d5da6daed2d',
21 silly publish   _from: '.' }
22 verbose getPublishConfig undefined
23 silly mapToRegistry name gulp-phplint
24 silly mapToRegistry using default registry
25 silly mapToRegistry registry https://registry.npmjs.org/
26 silly mapToRegistry uri https://registry.npmjs.org/gulp-phplint
27 verbose publish registryBase https://registry.npmjs.org/
28 silly publish uploading /Users/mikee/.npm/gulp-phplint/0.0.6/package.tgz
29 verbose request uri https://registry.npmjs.org/gulp-phplint
30 verbose request sending authorization for write operation
31 info attempt registry request try #1 at 5:20:01 PM
32 verbose request using bearer token for auth
33 verbose request id e279fa11156fc056
34 http request PUT https://registry.npmjs.org/gulp-phplint
35 http 403 https://registry.npmjs.org/gulp-phplint
36 verbose headers { 'content-type': 'application/json',
36 verbose headers   'cache-control': 'max-age=300',
36 verbose headers   'content-length': '95',
36 verbose headers   'accept-ranges': 'bytes',
36 verbose headers   date: 'Sun, 20 Mar 2016 00:20:02 GMT',
36 verbose headers   via: '1.1 varnish',
36 verbose headers   connection: 'keep-alive',
36 verbose headers   'x-served-by': 'cache-sjc3120-SJC',
36 verbose headers   'x-cache': 'MISS',
36 verbose headers   'x-cache-hits': '0',
36 verbose headers   'x-timer': 'S1458433202.102237,VS0,VE236' }
37 verbose request invalidating /Users/mikee/.npm/registry.npmjs.org/gulp-phplint on PUT
38 error publish Failed PUT 403
39 verbose stack Error: "You cannot publish over the previously published version 0.0.6." : gulp-phplint
39 verbose stack     at makeError (/Users/mikee/.nvm/versions/node/v5.9.0/lib/node_modules/npm/node_modules/npm-registry-client/lib/request.js:264:12)
39 verbose stack     at CachingRegistryClient.<anonymous> (/Users/mikee/.nvm/versions/node/v5.9.0/lib/node_modules/npm/node_modules/npm-registry-client/lib/request.js:252:14)
39 verbose stack     at Request._callback (/Users/mikee/.nvm/versions/node/v5.9.0/lib/node_modules/npm/node_modules/npm-registry-client/lib/request.js:172:14)
39 verbose stack     at Request.self.callback (/Users/mikee/.nvm/versions/node/v5.9.0/lib/node_modules/npm/node_modules/request/request.js:199:22)
39 verbose stack     at emitTwo (events.js:100:13)
39 verbose stack     at Request.emit (events.js:185:7)
39 verbose stack     at Request.<anonymous> (/Users/mikee/.nvm/versions/node/v5.9.0/lib/node_modules/npm/node_modules/request/request.js:1036:10)
39 verbose stack     at emitOne (events.js:95:20)
39 verbose stack     at Request.emit (events.js:182:7)
39 verbose stack     at IncomingMessage.<anonymous> (/Users/mikee/.nvm/versions/node/v5.9.0/lib/node_modules/npm/node_modules/request/request.js:963:12)
40 verbose statusCode 403
41 verbose pkgid gulp-phplint
42 verbose cwd /Users/mikee/Documents/Projects/gulp-phplint
43 error Darwin 15.3.0
44 error argv "/Users/mikee/.nvm/versions/node/v5.9.0/bin/node" "/Users/mikee/.nvm/versions/node/v5.9.0/bin/npm" "publish"
45 error node v5.9.0
46 error npm  v3.7.3
47 error code E403
48 error "You cannot publish over the previously published version 0.0.6." : gulp-phplint
49 error If you need help, you may report this error at:
49 error     <https://github.com/npm/npm/issues>
50 verbose exit [ 1, true ]
